<?xml version="1.0" encoding="UTF-8" ?>
<testsuite failures="0" time="0.822" errors="0" skipped="2" tests="22" name="br.com.caelum.vraptor.serialization.gson.GsonJSONSerializationTest">
  <properties>
[...]
</properties>
  <testcase time="0.538" classname="br.com.caelum.vraptor.serialization.gson.GsonJSONSerializationTest" name="shouldOptionallyIncludeChildField"/>
  <testcase time="0.004" classname="br.com.caelum.vraptor.serialization.gson.GsonJSONSerializationTest" name="shouldOptionallyExcludeChildField"/>
  <testcase time="0.006" classname="br.com.caelum.vraptor.serialization.gson.GsonJSONSerializationTest" name="shouldOptionallyIncludeListChildFields"/>
  <testcase time="0.003" classname="br.com.caelum.vraptor.serialization.gson.GsonJSONSerializationTest" name="shouldOptionallyExcludeFieldsFromIncludedListChildFields"/>
  <testcase time="0.003" classname="br.com.caelum.vraptor.serialization.gson.GsonJSONSerializationTest" name="shouldOptionallyRemoveRoot"/>
  <testcase time="0.003" classname="br.com.caelum.vraptor.serialization.gson.GsonJSONSerializationTest" name="shouldOptionallyRemoveRootIdented"/>
  <testcase time="0.029" classname="br.com.caelum.vraptor.serialization.gson.GsonJSONSerializationTest" name="shouldRunHibernateLazyInitialization"/>
  <testcase time="0.031" classname="br.com.caelum.vraptor.serialization.gson.GsonJSONSerializationTest" name="shouldUseCollectionConverterWhenItExists">
    <skipped/>
  </testcase>
  <testcase time="0.003" classname="br.com.caelum.vraptor.serialization.gson.GsonJSONSerializationTest" name="shouldSerializeAllBasicFieldsIdented"/>
  <testcase time="0.002" classname="br.com.caelum.vraptor.serialization.gson.GsonJSONSerializationTest" name="shouldUseAlias"/>
  <testcase time="0.004" classname="br.com.caelum.vraptor.serialization.gson.GsonJSONSerializationTest" name="shouldSerializeEnumFields"/>
  <testcase time="0.003" classname="br.com.caelum.vraptor.serialization.gson.GsonJSONSerializationTest" name="shouldSerializeCollection"/>
  <testcase time="0.003" classname="br.com.caelum.vraptor.serialization.gson.GsonJSONSerializationTest" name="shouldSerializeCollectionWithPrefixTag"/>
  <testcase time="0.003" classname="br.com.caelum.vraptor.serialization.gson.GsonJSONSerializationTest" name="shouldExcludeNonPrimitiveFieldsFromACollection"/>
  <testcase time="0.004" classname="br.com.caelum.vraptor.serialization.gson.GsonJSONSerializationTest" name="shouldSerializeCollectionWithPrefixTagAndNamespace">
    <skipped/>
  </testcase>
  <testcase time="0.003" classname="br.com.caelum.vraptor.serialization.gson.GsonJSONSerializationTest" name="shouldSerializeParentFields"/>
  <testcase time="0.004" classname="br.com.caelum.vraptor.serialization.gson.GsonJSONSerializationTest" name="shouldExcludeNonPrimitiveParentFields"/>
  <testcase time="0.005" classname="br.com.caelum.vraptor.serialization.gson.GsonJSONSerializationTest" name="shouldExcludeParentFields"/>
  <testcase time="0.003" classname="br.com.caelum.vraptor.serialization.gson.GsonJSONSerializationTest" name="shouldOptionallyExcludeFields"/>
  <testcase time="0.003" classname="br.com.caelum.vraptor.serialization.gson.GsonJSONSerializationTest" name="shouldOptionallyIncludeFieldAndNotItsNonPrimitiveFields"/>
  <testcase time="0.003" classname="br.com.caelum.vraptor.serialization.gson.GsonJSONSerializationTest" name="shouldSerializeGenericClass"/>
  <testcase time="0.002" classname="br.com.caelum.vraptor.serialization.gson.GsonJSONSerializationTest" name="shouldSerializeAllBasicFields"/>
</testsuite>